# JRE version: OpenJDK Runtime Environment (11.0.8+10) (build 11.0.8+10-b944.6842174)
# Java VM: OpenJDK 64-Bit Server VM (11.0.8+10-b944.6842174, mixed mode, tiered, compressed oops, g1 gc, windows-amd64)
Heap:
 garbage-first heap   total 284672K, used 98897K [0x0000000080000000, 0x0000000100000000)
  region size 1024K, 6 young (6144K), 1 survivors (1024K)
 Metaspace       used 111391K, capacity 114535K, committed 115024K, reserved 1148928K
  class space    used 13583K, capacity 14707K, committed 14848K, reserved 1048576K
GC Heap History (20 events):
Event: 2306.537 GC heap before
{Heap before GC invocations=169 (full 0):
 garbage-first heap   total 284672K, used 164641K [0x0000000080000000, 0x0000000100000000)
  region size 1024K, 62 young (63488K), 2 survivors (2048K)
 Metaspace       used 111085K, capacity 114202K, committed 114768K, reserved 1148928K
  class space    used 13582K, capacity 14707K, committed 14848K, reserved 1048576K
}
Event: 2306.547 GC heap after
{Heap after GC invocations=170 (full 0):
 garbage-first heap   total 284672K, used 105583K [0x0000000080000000, 0x0000000100000000)
  region size 1024K, 3 young (3072K), 3 survivors (3072K)
 Metaspace       used 111085K, capacity 114202K, committed 114768K, reserved 1148928K
  class space    used 13582K, capacity 14707K, committed 14848K, reserved 1048576K
}
Event: 2307.901 GC heap before
{Heap before GC invocations=171 (full 0):
 garbage-first heap   total 284672K, used 176239K [0x0000000080000000, 0x0000000100000000)
  region size 1024K, 72 young (73728K), 3 survivors (3072K)
 Metaspace       used 111101K, capacity 114203K, committed 114768K, reserved 1148928K
  class space    used 13582K, capacity 14707K, committed 14848K, reserved 1048576K
}
Event: 2307.918 GC heap after
{Heap after GC invocations=172 (full 0):
 garbage-first heap   total 284672K, used 119451K [0x0000000080000000, 0x0000000100000000)
  region size 1024K, 9 young (9216K), 9 survivors (9216K)
 Metaspace       used 111101K, capacity 114203K, committed 114768K, reserved 1148928K
  class space    used 13582K, capacity 14707K, committed 14848K, reserved 1048576K
}
Event: 2307.945 GC heap before
{Heap before GC invocations=172 (full 0):
 garbage-first heap   total 284672K, used 123547K [0x0000000080000000, 0x0000000100000000)
  region size 1024K, 13 young (13312K), 9 survivors (9216K)
 Metaspace       used 111101K, capacity 114203K, committed 114768K, reserved 1148928K
  class space    used 13582K, capacity 14707K, committed 14848K, reserved 1048576K
}
Event: 2307.970 GC heap after
{Heap after GC invocations=173 (full 0):
 garbage-first heap   total 284672K, used 105976K [0x0000000080000000, 0x0000000100000000)
  region size 1024K, 2 young (2048K), 2 survivors (2048K)
 Metaspace       used 111101K, capacity 114203K, committed 114768K, reserved 1148928K
  class space    used 13582K, capacity 14707K, committed 14848K, reserved 1048576K
}
Event: 2308.793 GC heap before
{Heap before GC invocations=173 (full 0):
 garbage-first heap   total 284672K, used 184824K [0x0000000080000000, 0x0000000100000000)
  region size 1024K, 79 young (80896K), 2 survivors (2048K)
 Metaspace       used 111111K, capacity 114206K, committed 114768K, reserved 1148928K
  class space    used 13582K, capacity 14707K, committed 14848K, reserved 1048576K
}
Event: 2308.805 GC heap after
{Heap after GC invocations=174 (full 0):
 garbage-first heap   total 284672K, used 110089K [0x0000000080000000, 0x0000000100000000)
  region size 1024K, 6 young (6144K), 6 survivors (6144K)
 Metaspace       used 111111K, capacity 114206K, committed 114768K, reserved 1148928K
  class space    used 13582K, capacity 14707K, committed 14848K, reserved 1048576K
}
Event: 2309.485 GC heap before
{Heap before GC invocations=175 (full 0):
 garbage-first heap   total 284672K, used 192009K [0x0000000080000000, 0x0000000100000000)
  region size 1024K, 87 young (89088K), 6 survivors (6144K)
 Metaspace       used 111116K, capacity 114206K, committed 114768K, reserved 1148928K
  class space    used 13582K, capacity 14707K, committed 14848K, reserved 1048576K
}
Event: 2309.502 GC heap after
{Heap after GC invocations=176 (full 0):
 garbage-first heap   total 284672K, used 112928K [0x0000000080000000, 0x0000000100000000)
  region size 1024K, 8 young (8192K), 8 survivors (8192K)
 Metaspace       used 111116K, capacity 114206K, committed 114768K, reserved 1148928K
  class space    used 13582K, capacity 14707K, committed 14848K, reserved 1048576K
}
Event: 2309.530 GC heap before
{Heap before GC invocations=176 (full 0):
 garbage-first heap   total 284672K, used 117024K [0x0000000080000000, 0x0000000100000000)
  region size 1024K, 13 young (13312K), 8 survivors (8192K)
 Metaspace       used 111118K, capacity 114206K, committed 114768K, reserved 1148928K
  class space    used 13582K, capacity 14707K, committed 14848K, reserved 1048576K
}
Event: 2309.541 GC heap after
{Heap after GC invocations=177 (full 0):
 garbage-first heap   total 284672K, used 112988K [0x0000000080000000, 0x0000000100000000)
  region size 1024K, 2 young (2048K), 2 survivors (2048K)
 Metaspace       used 111118K, capacity 114206K, committed 114768K, reserved 1148928K
  class space    used 13582K, capacity 14707K, committed 14848K, reserved 1048576K
}
Event: 2310.011 GC heap before
{Heap before GC invocations=177 (full 0):
 garbage-first heap   total 284672K, used 185692K [0x0000000080000000, 0x0000000100000000)
  region size 1024K, 75 young (76800K), 2 survivors (2048K)
 Metaspace       used 111301K, capacity 114405K, committed 114768K, reserved 1148928K
  class space    used 13582K, capacity 14707K, committed 14848K, reserved 1048576K
}
Event: 2310.025 GC heap after
{Heap after GC invocations=178 (full 0):
 garbage-first heap   total 284672K, used 123063K [0x0000000080000000, 0x0000000100000000)
  region size 1024K, 11 young (11264K), 11 survivors (11264K)
 Metaspace       used 111301K, capacity 114405K, committed 114768K, reserved 1148928K
  class space    used 13582K, capacity 14707K, committed 14848K, reserved 1048576K
}
Event: 2685.120 GC heap before
{Heap before GC invocations=179 (full 0):
 garbage-first heap   total 284672K, used 230400K [0x0000000080000000, 0x0000000100000000)
  region size 1024K, 93 young (95232K), 11 survivors (11264K)
 Metaspace       used 111388K, capacity 114535K, committed 115024K, reserved 1148928K
  class space    used 13583K, capacity 14707K, committed 14848K, reserved 1048576K
}
Event: 2686.437 GC heap after
{Heap after GC invocations=180 (full 0):
 garbage-first heap   total 284672K, used 117617K [0x0000000080000000, 0x0000000100000000)
  region size 1024K, 6 young (6144K), 6 survivors (6144K)
 Metaspace       used 111388K, capacity 114535K, committed 115024K, reserved 1148928K
  class space    used 13583K, capacity 14707K, committed 14848K, reserved 1048576K
}
Event: 2686.796 GC heap before
{Heap before GC invocations=180 (full 0):
 garbage-first heap   total 284672K, used 123761K [0x0000000080000000, 0x0000000100000000)
  region size 1024K, 13 young (13312K), 6 survivors (6144K)
 Metaspace       used 111390K, capacity 114535K, committed 115024K, reserved 1148928K
  class space    used 13583K, capacity 14707K, committed 14848K, reserved 1048576K
}
Event: 2687.857 GC heap after
{Heap after GC invocations=181 (full 0):
 garbage-first heap   total 284672K, used 96104K [0x0000000080000000, 0x0000000100000000)
  region size 1024K, 1 young (1024K), 1 survivors (1024K)
 Metaspace       used 111390K, capacity 114535K, committed 115024K, reserved 1148928K
  class space    used 13583K, capacity 14707K, committed 14848K, reserved 1048576K
}
Event: 2688.133 GC heap before
{Heap before GC invocations=181 (full 0):
 garbage-first heap   total 284672K, used 107368K [0x0000000080000000, 0x0000000100000000)
  region size 1024K, 13 young (13312K), 1 survivors (1024K)
 Metaspace       used 111390K, capacity 114535K, committed 115024K, reserved 1148928K
  class space    used 13583K, capacity 14707K, committed 14848K, reserved 1048576K
}
Event: 2688.280 GC heap after
{Heap after GC invocations=182 (full 0):
 garbage-first heap   total 284672K, used 95825K [0x0000000080000000, 0x0000000100000000)
  region size 1024K, 1 young (1024K), 1 survivors (1024K)
 Metaspace       used 111390K, capacity 114535K, committed 115024K, reserved 1148928K
  class space    used 13583K, capacity 14707K, committed 14848K, reserved 1048576K
}

